

================================================================
== Vitis HLS Report for 'cordiccart2pol'
================================================================
* Date:           Sun Oct 22 19:43:18 2023

* Version:        2022.2 (Build 3670227 on Oct 13 2022)
* Project:        cordiccart2pol
* Solution:       solution1 (Vivado IP Flow Target)
* Product family: zynq
* Target device:  xc7z020-clg400-1


================================================================
== Performance Estimates
================================================================
+ Timing: 
    * Summary: 
    +--------+----------+----------+------------+
    |  Clock |  Target  | Estimated| Uncertainty|
    +--------+----------+----------+------------+
    |ap_clk  |  10.00 ns|  6.508 ns|     2.70 ns|
    +--------+----------+----------+------------+

+ Latency: 
    * Summary: 
    +---------+---------+-----------+-----------+-----+-----+---------+
    |  Latency (cycles) |   Latency (absolute)  |  Interval | Pipeline|
    |   min   |   max   |    min    |    max    | min | max |   Type  |
    +---------+---------+-----------+-----------+-----+-----+---------+
    |        2|        2|  20.000 ns|  20.000 ns|    3|    3|       no|
    +---------+---------+-----------+-----------+-----+-----+---------+

    + Detail: 
        * Instance: 
        N/A

        * Loop: 
        N/A



================================================================
== Utilization Estimates
================================================================
* Summary: 
+-----------------+---------+-----+--------+-------+-----+
|       Name      | BRAM_18K| DSP |   FF   |  LUT  | URAM|
+-----------------+---------+-----+--------+-------+-----+
|DSP              |        -|    -|       -|      -|    -|
|Expression       |        -|    -|       0|     70|    -|
|FIFO             |        -|    -|       -|      -|    -|
|Instance         |        -|    -|       -|      -|    -|
|Memory           |     2048|    -|       0|      0|    0|
|Multiplexer      |        -|    -|       -|     48|    -|
|Register         |        -|    -|       3|      -|    -|
+-----------------+---------+-----+--------+-------+-----+
|Total            |     2048|    0|       3|    118|    0|
+-----------------+---------+-----+--------+-------+-----+
|Available        |      280|  220|  106400|  53200|    0|
+-----------------+---------+-----+--------+-------+-----+
|Utilization (%)  |      731|    0|      ~0|     ~0|    0|
+-----------------+---------+-----+--------+-------+-----+

+ Detail: 
    * Instance: 
    N/A

    * DSP: 
    N/A

    * Memory: 
    +---------------+---------------------------+---------+---+----+-----+----------+-----+------+-------------+
    |     Memory    |           Module          | BRAM_18K| FF| LUT| URAM|   Words  | Bits| Banks| W*Bits*Banks|
    +---------------+---------------------------+---------+---+----+-----+----------+-----+------+-------------+
    |my_LUT_th_V_U  |my_LUT_th_V_RAM_AUTO_1R1W  |     1024|  0|   0|    0|  16777216|    1|     1|     16777216|
    |my_LUT_r_V_U   |my_LUT_th_V_RAM_AUTO_1R1W  |     1024|  0|   0|    0|  16777216|    1|     1|     16777216|
    +---------------+---------------------------+---------+---+----+-----+----------+-----+------+-------------+
    |Total          |                           |     2048|  0|   0|    0|  33554432|    2|     2|     33554432|
    +---------------+---------------------------+---------+---+----+-----+----------+-----+------+-------------+

    * FIFO: 
    N/A

    * Expression: 
    +--------------------------+----------+----+---+----+------------+------------+
    |       Variable Name      | Operation| DSP| FF| LUT| Bitwidth P0| Bitwidth P1|
    +--------------------------+----------+----+---+----+------------+------------+
    |and_ln302_1_fu_280_p2     |       and|   0|  0|   2|           1|           1|
    |and_ln302_fu_200_p2       |       and|   0|  0|   2|           1|           1|
    |overflow_1_fu_244_p2      |       and|   0|  0|   2|           1|           1|
    |overflow_fu_164_p2        |       and|   0|  0|   2|           1|           1|
    |or_ln302_1_fu_270_p2      |        or|   0|  0|   2|           1|           1|
    |or_ln302_fu_190_p2        |        or|   0|  0|   2|           1|           1|
    |or_ln895_1_fu_224_p2      |        or|   0|  0|  12|          12|          12|
    |or_ln895_fu_144_p2        |        or|   0|  0|  12|          12|          12|
    |or_ln896_1_fu_264_p2      |        or|   0|  0|   2|           1|           1|
    |or_ln896_fu_184_p2        |        or|   0|  0|   2|           1|           1|
    |select_ln895_1_fu_310_p3  |    select|   0|  0|  11|           1|          11|
    |select_ln895_fu_294_p3    |    select|   0|  0|  11|           1|          11|
    |xor_ln895_1_fu_238_p2     |       xor|   0|  0|   2|           1|           2|
    |xor_ln895_fu_158_p2       |       xor|   0|  0|   2|           1|           2|
    |xor_ln896_1_fu_258_p2     |       xor|   0|  0|   2|           1|           2|
    |xor_ln896_fu_178_p2       |       xor|   0|  0|   2|           1|           2|
    +--------------------------+----------+----+---+----+------------+------------+
    |Total                     |          |   0|  0|  70|          38|          62|
    +--------------------------+----------+----+---+----+------------+------------+

    * Multiplexer: 
    +----------------------+----+-----------+-----+-----------+
    |         Name         | LUT| Input Size| Bits| Total Bits|
    +----------------------+----+-----------+-----+-----------+
    |ap_NS_fsm             |  20|          4|    1|          4|
    |my_LUT_r_V_address0   |  14|          3|   24|         72|
    |my_LUT_th_V_address0  |  14|          3|   24|         72|
    +----------------------+----+-----------+-----+-----------+
    |Total                 |  48|         10|   49|        148|
    +----------------------+----+-----------+-----+-----------+

    * Register: 
    +-----------+---+----+-----+-----------+
    |    Name   | FF| LUT| Bits| Const Bits|
    +-----------+---+----+-----+-----------+
    |ap_CS_fsm  |  3|   0|    3|          0|
    +-----------+---+----+-----+-----------+
    |Total      |  3|   0|    3|          0|
    +-----------+---+----+-----+-----------+



================================================================
== Interface
================================================================
* Summary: 
+--------------+-----+-----+------------+----------------+--------------+
|   RTL Ports  | Dir | Bits|  Protocol  |  Source Object |    C Type    |
+--------------+-----+-----+------------+----------------+--------------+
|ap_clk        |   in|    1|  ap_ctrl_hs|  cordiccart2pol|  return value|
|ap_rst        |   in|    1|  ap_ctrl_hs|  cordiccart2pol|  return value|
|ap_start      |   in|    1|  ap_ctrl_hs|  cordiccart2pol|  return value|
|ap_done       |  out|    1|  ap_ctrl_hs|  cordiccart2pol|  return value|
|ap_idle       |  out|    1|  ap_ctrl_hs|  cordiccart2pol|  return value|
|ap_ready      |  out|    1|  ap_ctrl_hs|  cordiccart2pol|  return value|
|x             |   in|   12|     ap_none|               x|        scalar|
|y             |   in|   12|     ap_none|               y|        scalar|
|r             |  out|   12|      ap_vld|               r|       pointer|
|r_ap_vld      |  out|    1|      ap_vld|               r|       pointer|
|theta         |  out|   12|      ap_vld|           theta|       pointer|
|theta_ap_vld  |  out|    1|      ap_vld|           theta|       pointer|
+--------------+-----+-----+------------+----------------+--------------+

