

================================================================
== Vitis HLS Report for 'cordiccart2pol'
================================================================
* Date:           Tue Oct 24 19:55:10 2023

* Version:        2022.2 (Build 3670227 on Oct 13 2022)
* Project:        cordiccart2pol
* Solution:       solution1 (Vivado IP Flow Target)
* Product family: zynq
* Target device:  xc7z020-clg400-1


================================================================
== Performance Estimates
================================================================
+ Timing: 
    * Summary: 
    +--------+----------+----------+------------+
    |  Clock |  Target  | Estimated| Uncertainty|
    +--------+----------+----------+------------+
    |ap_clk  |  10.00 ns|  7.222 ns|     2.70 ns|
    +--------+----------+----------+------------+

+ Latency: 
    * Summary: 
    +---------+---------+----------+----------+-----+-----+---------+
    |  Latency (cycles) |  Latency (absolute) |  Interval | Pipeline|
    |   min   |   max   |    min   |    max   | min | max |   Type  |
    +---------+---------+----------+----------+-----+-----+---------+
    |      105|      105|  1.050 us|  1.050 us|  106|  106|       no|
    +---------+---------+----------+----------+-----+-----+---------+

    + Detail: 
        * Instance: 
        +----------------------------------------------------+-----------------------------------------+---------+---------+----------+----------+-----+-----+---------+
        |                                                    |                                         |  Latency (cycles) |  Latency (absolute) |  Interval | Pipeline|
        |                      Instance                      |                  Module                 |   min   |   max   |    min   |    max   | min | max |   Type  |
        +----------------------------------------------------+-----------------------------------------+---------+---------+----------+----------+-----+-----+---------+
        |grp_cordiccart2pol_Pipeline_VITIS_LOOP_28_1_fu_206  |cordiccart2pol_Pipeline_VITIS_LOOP_28_1  |       82|       82|  0.820 us|  0.820 us|   82|   82|       no|
        +----------------------------------------------------+-----------------------------------------+---------+---------+----------+----------+-----+-----+---------+

        * Loop: 
        N/A



================================================================
== Utilization Estimates
================================================================
* Summary: 
+-----------------+---------+-----+--------+-------+-----+
|       Name      | BRAM_18K| DSP |   FF   |  LUT  | URAM|
+-----------------+---------+-----+--------+-------+-----+
|DSP              |        -|    -|       -|      -|    -|
|Expression       |        -|    -|       0|   4342|    -|
|FIFO             |        -|    -|       -|      -|    -|
|Instance         |        0|   13|     744|   1438|    -|
|Memory           |        -|    -|       -|      -|    -|
|Multiplexer      |        -|    -|       -|    127|    -|
|Register         |        -|    -|    1373|      -|    -|
+-----------------+---------+-----+--------+-------+-----+
|Total            |        0|   13|    2117|   5907|    0|
+-----------------+---------+-----+--------+-------+-----+
|Available        |      280|  220|  106400|  53200|    0|
+-----------------+---------+-----+--------+-------+-----+
|Utilization (%)  |        0|    5|       1|     11|    0|
+-----------------+---------+-----+--------+-------+-----+

+ Detail: 
    * Instance: 
    +----------------------------------------------------+-----------------------------------------+---------+----+-----+-----+-----+
    |                      Instance                      |                  Module                 | BRAM_18K| DSP|  FF | LUT | URAM|
    +----------------------------------------------------+-----------------------------------------+---------+----+-----+-----+-----+
    |control_s_axi_U                                     |control_s_axi                            |        0|   0|  188|  296|    0|
    |grp_cordiccart2pol_Pipeline_VITIS_LOOP_28_1_fu_206  |cordiccart2pol_Pipeline_VITIS_LOOP_28_1  |        0|   2|  214|  556|    0|
    |dmul_64ns_64ns_64_7_max_dsp_1_U15                   |dmul_64ns_64ns_64_7_max_dsp_1            |        0|  11|  342|  586|    0|
    |fpext_32ns_64_2_no_dsp_1_U13                        |fpext_32ns_64_2_no_dsp_1                 |        0|   0|    0|    0|    0|
    |fpext_32ns_64_2_no_dsp_1_U14                        |fpext_32ns_64_2_no_dsp_1                 |        0|   0|    0|    0|    0|
    |fptrunc_64ns_32_2_no_dsp_1_U12                      |fptrunc_64ns_32_2_no_dsp_1               |        0|   0|    0|    0|    0|
    +----------------------------------------------------+-----------------------------------------+---------+----+-----+-----+-----+
    |Total                                               |                                         |        0|  13|  744| 1438|    0|
    +----------------------------------------------------+-----------------------------------------+---------+----+-----+-----+-----+

    * DSP: 
    N/A

    * Memory: 
    N/A

    * FIFO: 
    N/A

    * Expression: 
    +-------------------------------+----------+----+---+-----+------------+------------+
    |         Variable Name         | Operation| DSP| FF| LUT | Bitwidth P0| Bitwidth P1|
    +-------------------------------+----------+----+---+-----+------------+------------+
    |add_ln1104_1_fu_1899_p2        |         +|   0|  0|   23|          16|           6|
    |add_ln1104_fu_2198_p2          |         +|   0|  0|   23|          16|           6|
    |add_ln1113_1_fu_1940_p2        |         +|   0|  0|   39|          32|           6|
    |add_ln1113_fu_2239_p2          |         +|   0|  0|   39|          32|           6|
    |add_ln1124_1_fu_2019_p2        |         +|   0|  0|    8|           8|           8|
    |add_ln1124_fu_2318_p2          |         +|   0|  0|    8|           8|           8|
    |add_ln570_1_fu_457_p2          |         +|   0|  0|   12|          12|           5|
    |add_ln570_fu_346_p2            |         +|   0|  0|   12|          12|           5|
    |add_ln580_1_fu_702_p2          |         +|   0|  0|   12|          12|           5|
    |add_ln580_fu_587_p2            |         +|   0|  0|   12|          12|           5|
    |add_ln601_1_fu_719_p2          |         +|   0|  0|   12|          12|          12|
    |add_ln601_fu_604_p2            |         +|   0|  0|   12|          12|          12|
    |exp_1_fu_644_p2                |         +|   0|  0|   12|          12|          11|
    |exp_fu_529_p2                  |         +|   0|  0|   12|          12|          11|
    |lsb_index_1_fu_1832_p2         |         +|   0|  0|   39|          32|           6|
    |lsb_index_fu_2131_p2           |         +|   0|  0|   39|          32|           6|
    |m_3_fu_2279_p2                 |         +|   0|  0|   71|          64|          64|
    |m_6_fu_1980_p2                 |         +|   0|  0|   71|          64|          64|
    |p_Val2_12_fu_794_p2            |         +|   0|  0|   23|          16|          16|
    |p_Val2_17_fu_1026_p2           |         +|   0|  0|   23|          16|          16|
    |pos1_1_fu_503_p2               |         +|   0|  0|   12|          12|           2|
    |pos1_fu_392_p2                 |         +|   0|  0|   12|          12|           2|
    |pos2_1_fu_741_p2               |         +|   0|  0|   12|          12|           2|
    |pos2_fu_626_p2                 |         +|   0|  0|   12|          12|           2|
    |F2_1_fu_445_p2                 |         -|   0|  0|   12|          11|          12|
    |F2_fu_334_p2                   |         -|   0|  0|   12|          11|          12|
    |man_V_2_fu_321_p2              |         -|   0|  0|   61|           1|          54|
    |man_V_6_fu_432_p2              |         -|   0|  0|   61|           1|          54|
    |r_V_10_fu_1605_p2              |         -|   0|  0|   24|           1|          17|
    |sub_ln1099_1_fu_1814_p2        |         -|   0|  0|   39|           5|          32|
    |sub_ln1099_fu_2113_p2          |         -|   0|  0|   39|           5|          32|
    |sub_ln1102_1_fu_1853_p2        |         -|   0|  0|   13|           4|           4|
    |sub_ln1102_fu_2152_p2          |         -|   0|  0|   13|           4|           4|
    |sub_ln1114_1_fu_1955_p2        |         -|   0|  0|   39|           5|          32|
    |sub_ln1114_fu_2254_p2          |         -|   0|  0|   39|           5|          32|
    |sub_ln1119_1_fu_2014_p2        |         -|   0|  0|    8|           2|           8|
    |sub_ln1119_fu_2313_p2          |         -|   0|  0|    8|           2|           8|
    |sub_ln1273_1_fu_1591_p2        |         -|   0|  0|   24|           1|          17|
    |sub_ln1273_fu_1647_p2          |         -|   0|  0|   23|           1|          16|
    |sub_ln570_1_fu_463_p2          |         -|   0|  0|   12|           4|          12|
    |sub_ln570_fu_352_p2            |         -|   0|  0|   12|           4|          12|
    |tmp_V_2_fu_1770_p2             |         -|   0|  0|   23|           1|          16|
    |tmp_V_fu_2069_p2               |         -|   0|  0|   23|           1|          16|
    |Range1_all_ones_10_fu_1163_p2  |       and|   0|  0|    2|           1|           1|
    |Range1_all_ones_13_fu_879_p2   |       and|   0|  0|    2|           1|           1|
    |Range1_all_ones_15_fu_1111_p2  |       and|   0|  0|    2|           1|           1|
    |Range1_all_ones_fu_931_p2      |       and|   0|  0|    2|           1|           1|
    |a_1_fu_1879_p2                 |       and|   0|  0|    2|           1|           1|
    |a_fu_2178_p2                   |       and|   0|  0|    2|           1|           1|
    |and_ln1104_1_fu_1911_p2        |       and|   0|  0|    2|           1|           1|
    |and_ln1104_fu_2210_p2          |       and|   0|  0|    2|           1|           1|
    |and_ln302_1_fu_1378_p2         |       and|   0|  0|    2|           1|           1|
    |and_ln302_2_fu_1384_p2         |       and|   0|  0|    2|           1|           1|
    |and_ln302_3_fu_1541_p2         |       and|   0|  0|    2|           1|           1|
    |and_ln302_4_fu_1558_p2         |       and|   0|  0|    2|           1|           1|
    |and_ln302_5_fu_1564_p2         |       and|   0|  0|    2|           1|           1|
    |and_ln302_6_fu_1723_p2         |       and|   0|  0|    2|           1|           1|
    |and_ln302_fu_1361_p2           |       and|   0|  0|    2|           1|           1|
    |and_ln365_2_fu_1081_p2         |       and|   0|  0|    2|           1|           1|
    |and_ln365_fu_849_p2            |       and|   0|  0|    2|           1|           1|
    |and_ln546_1_fu_1468_p2         |       and|   0|  0|    2|           1|           1|
    |and_ln546_fu_1288_p2           |       and|   0|  0|    2|           1|           1|
    |and_ln566_1_fu_1056_p2         |       and|   0|  0|    2|           1|           1|
    |and_ln566_fu_824_p2            |       and|   0|  0|    2|           1|           1|
    |and_ln592_1_fu_1069_p2         |       and|   0|  0|    2|           1|           1|
    |and_ln592_fu_837_p2            |       and|   0|  0|    2|           1|           1|
    |and_ln610_1_fu_1283_p2         |       and|   0|  0|    2|           1|           1|
    |and_ln610_3_fu_1458_p2         |       and|   0|  0|    2|           1|           1|
    |and_ln610_4_fu_1463_p2         |       and|   0|  0|    2|           1|           1|
    |and_ln610_fu_1278_p2           |       and|   0|  0|    2|           1|           1|
    |and_ln628_1_fu_1157_p2         |       and|   0|  0|    2|           1|           1|
    |and_ln628_fu_925_p2            |       and|   0|  0|    2|           1|           1|
    |and_ln630_1_fu_1180_p2         |       and|   0|  0|    2|           1|           1|
    |and_ln630_fu_948_p2            |       and|   0|  0|    2|           1|           1|
    |and_ln642_1_fu_1425_p2         |       and|   0|  0|    2|           1|           1|
    |and_ln642_fu_1245_p2           |       and|   0|  0|    2|           1|           1|
    |and_ln643_1_fu_1436_p2         |       and|   0|  0|    2|           1|           1|
    |and_ln643_fu_1256_p2           |       and|   0|  0|    2|           1|           1|
    |and_ln647_2_fu_1349_p2         |       and|   0|  0|    2|           1|           1|
    |and_ln647_3_fu_1487_p2         |       and|   0|  0|    2|           1|           1|
    |and_ln647_5_fu_1529_p2         |       and|   0|  0|    2|           1|           1|
    |and_ln647_fu_1307_p2           |       and|   0|  0|    2|           1|           1|
    |and_ln648_1_fu_1509_p2         |       and|   0|  0|    2|           1|           1|
    |and_ln648_fu_1329_p2           |       and|   0|  0|    2|           1|           1|
    |and_ln895_1_fu_1734_p2         |       and|   0|  0|    2|           1|           1|
    |and_ln895_fu_1729_p2           |       and|   0|  0|    2|           1|           1|
    |and_ln896_fu_1700_p2           |       and|   0|  0|    2|           1|           1|
    |carry_5_fu_855_p2              |       and|   0|  0|    2|           1|           1|
    |carry_7_fu_1087_p2             |       and|   0|  0|    2|           1|           1|
    |overflow_4_fu_1503_p2          |       and|   0|  0|    2|           1|           1|
    |overflow_6_fu_1694_p2          |       and|   0|  0|    2|           1|           1|
    |overflow_fu_1323_p2            |       and|   0|  0|    2|           1|           1|
    |p_Result_38_fu_2167_p2         |       and|   0|  0|   16|          16|          16|
    |p_Result_45_fu_1868_p2         |       and|   0|  0|   16|          16|          16|
    |ashr_ln575_1_fu_685_p2         |      ashr|   0|  0|  161|          54|          54|
    |ashr_ln575_fu_570_p2           |      ashr|   0|  0|  161|          54|          54|
    |QUAN_INC_1_fu_451_p2           |      icmp|   0|  0|   12|          12|           4|
    |QUAN_INC_fu_340_p2             |      icmp|   0|  0|   12|          12|           4|
    |Range2_all_ones_7_fu_1131_p2   |      icmp|   0|  0|   25|          54|          54|
    |Range2_all_ones_fu_899_p2      |      icmp|   0|  0|   25|          54|          54|
    |icmp_ln1090_1_fu_1756_p2       |      icmp|   0|  0|   13|          16|           1|
    |icmp_ln1090_fu_2055_p2         |      icmp|   0|  0|   13|          16|           1|
    |icmp_ln1101_1_fu_1847_p2       |      icmp|   0|  0|   17|          31|           1|
    |icmp_ln1101_fu_2146_p2         |      icmp|   0|  0|   17|          31|           1|
    |icmp_ln1102_1_fu_1873_p2       |      icmp|   0|  0|   13|          16|           1|
    |icmp_ln1102_fu_2172_p2         |      icmp|   0|  0|   13|          16|           1|
    |icmp_ln1113_1_fu_1931_p2       |      icmp|   0|  0|   18|          32|           1|
    |icmp_ln1113_fu_2230_p2         |      icmp|   0|  0|   18|          32|           1|
    |icmp_ln1649_fu_1583_p2         |      icmp|   0|  0|   13|          16|           1|
    |icmp_ln560_1_fu_301_p2         |      icmp|   0|  0|   28|          63|           1|
    |icmp_ln560_fu_265_p2           |      icmp|   0|  0|   28|          63|           1|
    |icmp_ln566_2_fu_707_p2         |      icmp|   0|  0|   12|          12|           4|
    |icmp_ln566_fu_592_p2           |      icmp|   0|  0|   12|          12|           4|
    |icmp_ln571_1_fu_652_p2         |      icmp|   0|  0|   12|          12|           4|
    |icmp_ln571_fu_537_p2           |      icmp|   0|  0|   12|          12|           4|
    |icmp_ln574_1_fu_657_p2         |      icmp|   0|  0|   12|          12|           6|
    |icmp_ln574_fu_542_p2           |      icmp|   0|  0|   12|          12|           6|
    |icmp_ln580_1_fu_481_p2         |      icmp|   0|  0|   12|          12|           6|
    |icmp_ln580_fu_370_p2           |      icmp|   0|  0|   12|          12|           6|
    |icmp_ln592_1_fu_497_p2         |      icmp|   0|  0|   11|           8|           1|
    |icmp_ln592_fu_386_p2           |      icmp|   0|  0|   11|           8|           1|
    |icmp_ln600_1_fu_735_p2         |      icmp|   0|  0|   11|          11|           1|
    |icmp_ln600_fu_620_p2           |      icmp|   0|  0|   11|          11|           1|
    |icmp_ln610_1_fu_874_p2         |      icmp|   0|  0|   12|          12|           6|
    |icmp_ln610_2_fu_1403_p2        |      icmp|   0|  0|   12|          12|           6|
    |icmp_ln610_3_fu_1106_p2        |      icmp|   0|  0|   12|          12|           6|
    |icmp_ln610_fu_1223_p2          |      icmp|   0|  0|   12|          12|           6|
    |icmp_ln620_1_fu_889_p2         |      icmp|   0|  0|   12|          12|           6|
    |icmp_ln620_2_fu_1116_p2        |      icmp|   0|  0|   12|          12|           6|
    |icmp_ln620_3_fu_1121_p2        |      icmp|   0|  0|   12|          12|           6|
    |icmp_ln620_fu_884_p2           |      icmp|   0|  0|   12|          12|           6|
    |icmp_ln630_1_fu_1175_p2        |      icmp|   0|  0|   25|          54|           1|
    |icmp_ln630_fu_943_p2           |      icmp|   0|  0|   25|          54|           1|
    |icmp_ln631_1_fu_1186_p2        |      icmp|   0|  0|   12|          12|           6|
    |icmp_ln631_fu_954_p2           |      icmp|   0|  0|   12|          12|           6|
    |Range2_V_1_fu_639_p2           |      lshr|   0|  0|  161|          54|          54|
    |Range2_V_3_fu_754_p2           |      lshr|   0|  0|  161|          54|          54|
    |lshr_ln1102_1_fu_1862_p2       |      lshr|   0|  0|   35|           2|          16|
    |lshr_ln1102_fu_2161_p2         |      lshr|   0|  0|   35|           2|          16|
    |lshr_ln1113_1_fu_1949_p2       |      lshr|   0|  0|  182|          64|          64|
    |lshr_ln1113_fu_2248_p2         |      lshr|   0|  0|  182|          64|          64|
    |r_V_6_fu_1126_p2               |      lshr|   0|  0|  161|           2|          54|
    |r_V_fu_894_p2                  |      lshr|   0|  0|  161|           2|          54|
    |deleted_ones_4_fu_1272_p2      |        or|   0|  0|    2|           1|           1|
    |deleted_ones_6_fu_1452_p2      |        or|   0|  0|    2|           1|           1|
    |or_ln1104_2_fu_2216_p2         |        or|   0|  0|    2|           1|           1|
    |or_ln1104_fu_1917_p2           |        or|   0|  0|    2|           1|           1|
    |or_ln302_1_fu_1514_p2          |        or|   0|  0|    2|           1|           1|
    |or_ln302_2_fu_1710_p2          |        or|   0|  0|    2|           1|           1|
    |or_ln302_3_fu_1367_p2          |        or|   0|  0|    2|           1|           1|
    |or_ln302_4_fu_1547_p2          |        or|   0|  0|    2|           1|           1|
    |or_ln302_fu_1334_p2            |        or|   0|  0|    2|           1|           1|
    |or_ln642_1_fu_1420_p2          |        or|   0|  0|    2|           1|           1|
    |or_ln642_fu_1240_p2            |        or|   0|  0|    2|           1|           1|
    |or_ln647_1_fu_1493_p2          |        or|   0|  0|    2|           1|           1|
    |or_ln647_fu_1313_p2            |        or|   0|  0|    2|           1|           1|
    |or_ln895_4_fu_1739_p2          |        or|   0|  0|    2|           1|           1|
    |or_ln895_fu_1685_p2            |        or|   0|  0|    2|           1|           1|
    |Range1_all_ones_11_fu_1207_p3  |    select|   0|  0|    2|           1|           1|
    |Range1_all_ones_5_fu_975_p3    |    select|   0|  0|    2|           1|           1|
    |Range1_all_zeros_2_fu_983_p3   |    select|   0|  0|    2|           1|           1|
    |Range1_all_zeros_5_fu_1215_p3  |    select|   0|  0|    2|           1|           1|
    |Range2_all_ones_6_fu_917_p3    |    select|   0|  0|    2|           1|           1|
    |Range2_all_ones_9_fu_1149_p3   |    select|   0|  0|    2|           1|           1|
    |curx_V_3_fu_1396_p3            |    select|   0|  0|   16|           1|           1|
    |curx_V_fu_1676_p3              |    select|   0|  0|   16|           1|          16|
    |cury_V_fu_1576_p3              |    select|   0|  0|   16|           1|           1|
    |deleted_ones_5_fu_1430_p3      |    select|   0|  0|    2|           1|           1|
    |deleted_ones_fu_1250_p3        |    select|   0|  0|    2|           1|           1|
    |deleted_zeros_2_fu_1408_p3     |    select|   0|  0|    2|           1|           1|
    |deleted_zeros_fu_1228_p3       |    select|   0|  0|    2|           1|           1|
    |m_2_fu_2269_p3                 |    select|   0|  0|   64|           1|          64|
    |m_5_fu_1970_p3                 |    select|   0|  0|   64|           1|          64|
    |man_V_7_fu_438_p3              |    select|   0|  0|   54|           1|          54|
    |man_V_fu_327_p3                |    select|   0|  0|   54|           1|          54|
    |neg_src_9_fu_1473_p3           |    select|   0|  0|    2|           1|           1|
    |neg_src_fu_1293_p3             |    select|   0|  0|    2|           1|           1|
    |p_Val2_11_fu_579_p3            |    select|   0|  0|   16|           1|          16|
    |p_Val2_13_fu_841_p3            |    select|   0|  0|   16|           1|          16|
    |p_Val2_16_fu_694_p3            |    select|   0|  0|   16|           1|          16|
    |p_Val2_18_fu_1073_p3           |    select|   0|  0|   16|           1|          16|
    |qb_1_fu_1009_p3                |    select|   0|  0|    2|           1|           1|
    |qb_fu_777_p3                   |    select|   0|  0|    2|           1|           1|
    |r                              |    select|   0|  0|   32|           1|           1|
    |r_V_9_fu_1652_p3               |    select|   0|  0|   16|           1|          16|
    |select_ln1098_1_fu_2007_p3     |    select|   0|  0|    7|           1|           7|
    |select_ln1098_fu_2306_p3       |    select|   0|  0|    7|           1|           7|
    |select_ln1273_fu_1597_p3       |    select|   0|  0|   17|           1|          17|
    |select_ln302_1_fu_1569_p3      |    select|   0|  0|   16|           1|          16|
    |select_ln302_fu_1389_p3        |    select|   0|  0|   16|           1|          16|
    |select_ln566_1_fu_1061_p3      |    select|   0|  0|   16|           1|          16|
    |select_ln566_fu_829_p3         |    select|   0|  0|   16|           1|          16|
    |select_ln571_1_fu_1045_p3      |    select|   0|  0|   16|           1|          16|
    |select_ln571_fu_813_p3         |    select|   0|  0|   16|           1|          16|
    |select_ln577_1_fu_673_p3       |    select|   0|  0|    2|           1|           2|
    |select_ln577_fu_558_p3         |    select|   0|  0|    2|           1|           2|
    |select_ln601_1_fu_712_p3       |    select|   0|  0|    2|           1|           2|
    |select_ln601_fu_597_p3         |    select|   0|  0|    2|           1|           2|
    |select_ln631_1_fu_967_p3       |    select|   0|  0|    2|           1|           1|
    |select_ln631_2_fu_1191_p3      |    select|   0|  0|    2|           1|           1|
    |select_ln631_3_fu_1199_p3      |    select|   0|  0|    2|           1|           1|
    |select_ln631_fu_959_p3         |    select|   0|  0|    2|           1|           1|
    |select_ln856_fu_1639_p3        |    select|   0|  0|   15|           1|          14|
    |select_ln895_fu_1745_p3        |    select|   0|  0|   16|           1|          16|
    |sh_amt_1_fu_469_p3             |    select|   0|  0|   12|           1|          12|
    |sh_amt_fu_358_p3               |    select|   0|  0|   12|           1|          12|
    |theta                          |    select|   0|  0|   32|           1|           1|
    |tmp_V_4_fu_2075_p3             |    select|   0|  0|   16|           1|          16|
    |tmp_V_5_fu_1776_p3             |    select|   0|  0|   16|           1|          16|
    |shl_ln1114_1_fu_1964_p2        |       shl|   0|  0|  182|          64|          64|
    |shl_ln1114_fu_2263_p2          |       shl|   0|  0|  182|          64|          64|
    |shl_ln593_1_fu_1004_p2         |       shl|   0|  0|   35|          16|          16|
    |shl_ln593_fu_772_p2            |       shl|   0|  0|   35|          16|          16|
    |Range1_all_ones_12_fu_869_p2   |       xor|   0|  0|    2|           1|           2|
    |Range1_all_ones_14_fu_1101_p2  |       xor|   0|  0|    2|           1|           2|
    |Range1_all_zeros_1_fu_937_p2   |       xor|   0|  0|    2|           2|           1|
    |Range1_all_zeros_4_fu_1169_p2  |       xor|   0|  0|    2|           2|           1|
    |Range2_all_ones_4_fu_911_p2    |       xor|   0|  0|    2|           1|           2|
    |Range2_all_ones_8_fu_1143_p2   |       xor|   0|  0|    2|           1|           2|
    |xor_ln1104_1_fu_1893_p2        |       xor|   0|  0|    2|           1|           2|
    |xor_ln1104_fu_2192_p2          |       xor|   0|  0|    2|           1|           2|
    |xor_ln378_1_fu_1039_p2         |       xor|   0|  0|    2|           1|           2|
    |xor_ln378_fu_807_p2            |       xor|   0|  0|    2|           1|           2|
    |xor_ln560_1_fu_1553_p2         |       xor|   0|  0|    2|           1|           2|
    |xor_ln560_fu_1373_p2           |       xor|   0|  0|    2|           1|           2|
    |xor_ln571_1_fu_1051_p2         |       xor|   0|  0|    2|           1|           2|
    |xor_ln571_fu_819_p2            |       xor|   0|  0|    2|           1|           2|
    |xor_ln610_1_fu_1446_p2         |       xor|   0|  0|    2|           1|           2|
    |xor_ln610_fu_1266_p2           |       xor|   0|  0|    2|           1|           2|
    |xor_ln643_1_fu_1440_p2         |       xor|   0|  0|    2|           2|           1|
    |xor_ln643_fu_1260_p2           |       xor|   0|  0|    2|           2|           1|
    |xor_ln647_1_fu_1318_p2         |       xor|   0|  0|    2|           1|           2|
    |xor_ln647_2_fu_1301_p2         |       xor|   0|  0|    2|           1|           2|
    |xor_ln647_3_fu_1498_p2         |       xor|   0|  0|    2|           1|           2|
    |xor_ln647_fu_1481_p2           |       xor|   0|  0|    2|           1|           2|
    |xor_ln648_1_fu_1535_p2         |       xor|   0|  0|    2|           2|           1|
    |xor_ln648_fu_1355_p2           |       xor|   0|  0|    2|           2|           1|
    |xor_ln895_fu_1689_p2           |       xor|   0|  0|    2|           1|           2|
    |xor_ln896_fu_1704_p2           |       xor|   0|  0|    2|           2|           1|
    +-------------------------------+----------+----+---+-----+------------+------------+
    |Total                          |          |   0|  0| 4342|        2067|        2269|
    +-------------------------------+----------+----+---+-----+------------+------------+

    * Multiplexer: 
    +---------------+-----+-----------+-----+-----------+
    |      Name     | LUT | Input Size| Bits| Total Bits|
    +---------------+-----+-----------+-----+-----------+
    |ap_NS_fsm      |  113|         25|    1|         25|
    |grp_fu_222_p0  |   14|          3|   32|         96|
    +---------------+-----+-----------+-----+-----------+
    |Total          |  127|         28|   33|        121|
    +---------------+-----+-----------+-----+-----------+

    * Register: 
    +-----------------------------------------------------------------+----+----+-----+-----------+
    |                               Name                              | FF | LUT| Bits| Const Bits|
    +-----------------------------------------------------------------+----+----+-----+-----------+
    |F2_1_reg_2518                                                    |  12|   0|   12|          0|
    |F2_reg_2453                                                      |  12|   0|   12|          0|
    |LD_3_reg_2876                                                    |  32|   0|   32|          0|
    |QUAN_INC_1_reg_2526                                              |   1|   0|    1|          0|
    |QUAN_INC_reg_2461                                                |   1|   0|    1|          0|
    |Range1_all_ones_11_reg_2745                                      |   1|   0|    1|          0|
    |Range1_all_ones_5_reg_2703                                       |   1|   0|    1|          0|
    |Range1_all_zeros_1_reg_2698                                      |   1|   0|    1|          0|
    |Range1_all_zeros_2_reg_2710                                      |   1|   0|    1|          0|
    |Range1_all_zeros_4_reg_2740                                      |   1|   0|    1|          0|
    |Range1_all_zeros_5_reg_2752                                      |   1|   0|    1|          0|
    |Range2_V_1_reg_2616                                              |  54|   0|   54|          0|
    |Range2_V_3_reg_2667                                              |  54|   0|   54|          0|
    |Range2_all_ones_6_reg_2693                                       |   1|   0|    1|          0|
    |Range2_all_ones_9_reg_2735                                       |   1|   0|    1|          0|
    |add_ln580_1_reg_2639                                             |  12|   0|   12|          0|
    |add_ln580_reg_2588                                               |  12|   0|   12|          0|
    |ap_CS_fsm                                                        |  24|   0|   24|          0|
    |carry_5_reg_2679                                                 |   1|   0|    1|          0|
    |carry_7_reg_2721                                                 |   1|   0|    1|          0|
    |curx_V_3_reg_2757                                                |  16|   0|   16|          0|
    |curx_V_reg_2807                                                  |  16|   0|   16|          0|
    |cury_V_reg_2762                                                  |  16|   0|   16|          0|
    |exp_tmp_1_reg_2425                                               |  11|   0|   11|          0|
    |exp_tmp_reg_2400                                                 |  11|   0|   11|          0|
    |grp_cordiccart2pol_Pipeline_VITIS_LOOP_28_1_fu_206_ap_start_reg  |   1|   0|    1|          0|
    |icmp_ln1090_1_reg_2817                                           |   1|   0|    1|          0|
    |icmp_ln1090_reg_2891                                             |   1|   0|    1|          0|
    |icmp_ln1113_1_reg_2861                                           |   1|   0|    1|          0|
    |icmp_ln1113_reg_2935                                             |   1|   0|    1|          0|
    |icmp_ln1649_reg_2769                                             |   1|   0|    1|          0|
    |icmp_ln560_1_reg_2435                                            |   1|   0|    1|          0|
    |icmp_ln560_reg_2410                                              |   1|   0|    1|          0|
    |icmp_ln566_2_reg_2644                                            |   1|   0|    1|          0|
    |icmp_ln566_reg_2593                                              |   1|   0|    1|          0|
    |icmp_ln571_1_reg_2627                                            |   1|   0|    1|          0|
    |icmp_ln571_reg_2576                                              |   1|   0|    1|          0|
    |icmp_ln580_1_reg_2544                                            |   1|   0|    1|          0|
    |icmp_ln580_reg_2479                                              |   1|   0|    1|          0|
    |icmp_ln592_1_reg_2549                                            |   1|   0|    1|          0|
    |icmp_ln592_reg_2484                                              |   1|   0|    1|          0|
    |icmp_ln600_1_reg_2649                                            |   1|   0|    1|          0|
    |icmp_ln600_reg_2598                                              |   1|   0|    1|          0|
    |lD_2_reg_2566                                                    |   1|   0|    1|          0|
    |lD_reg_2501                                                      |   1|   0|    1|          0|
    |m_9_reg_2945                                                     |  63|   0|   63|          0|
    |m_reg_2866                                                       |  63|   0|   63|          0|
    |man_V_7_reg_2511                                                 |  54|   0|   54|          0|
    |man_V_reg_2446                                                   |  54|   0|   54|          0|
    |or_ln1104_1_reg_2856                                             |   1|   0|    2|          1|
    |or_ln_reg_2930                                                   |   1|   0|    2|          1|
    |p_Result_40_reg_2950                                             |   1|   0|    1|          0|
    |p_Result_47_reg_2871                                             |   1|   0|    1|          0|
    |p_Result_49_reg_2391                                             |   1|   0|    1|          0|
    |p_Result_52_reg_2686                                             |   1|   0|    1|          0|
    |p_Result_53_reg_2416                                             |   1|   0|    1|          0|
    |p_Result_56_reg_2728                                             |   1|   0|    1|          0|
    |p_Result_58_reg_2775                                             |   1|   0|    1|          0|
    |p_Result_59_reg_2788                                             |   1|   0|    1|          0|
    |p_Result_60_reg_2896                                             |   1|   0|    1|          0|
    |p_Result_63_reg_2822                                             |   1|   0|    1|          0|
    |p_Val2_11_reg_2582                                               |  16|   0|   16|          0|
    |p_Val2_13_reg_2673                                               |  16|   0|   16|          0|
    |p_Val2_16_reg_2633                                               |  16|   0|   16|          0|
    |p_Val2_18_reg_2715                                               |  16|   0|   16|          0|
    |p_Val2_21_reg_2782                                               |  16|   0|   16|          0|
    |p_op_reg_2940                                                    |  64|   0|   64|          0|
    |pos1_1_reg_2554                                                  |  12|   0|   12|          0|
    |pos1_reg_2489                                                    |  12|   0|   12|          0|
    |pos2_1_reg_2654                                                  |  12|   0|   12|          0|
    |pos2_reg_2603                                                    |  12|   0|   12|          0|
    |select_ln856_reg_2802                                            |  12|   0|   15|          3|
    |select_ln895_reg_2812                                            |  16|   0|   16|          0|
    |sext_ln570_1_reg_2622                                            |  32|   0|   32|          0|
    |sext_ln570_reg_2571                                              |  32|   0|   32|          0|
    |sh_amt_1_reg_2532                                                |  12|   0|   12|          0|
    |sh_amt_reg_2467                                                  |  12|   0|   12|          0|
    |sub_ln1099_1_reg_2834                                            |  32|   0|   32|          0|
    |sub_ln1099_reg_2908                                              |  32|   0|   32|          0|
    |tmp_21_reg_2496                                                  |   1|   0|    1|          0|
    |tmp_32_reg_2561                                                  |   1|   0|    1|          0|
    |tmp_3_reg_2886                                                   |  64|   0|   64|          0|
    |tmp_40_reg_2795                                                  |   1|   0|    1|          0|
    |tmp_V_4_reg_2901                                                 |  16|   0|   16|          0|
    |tmp_V_5_reg_2827                                                 |  16|   0|   16|          0|
    |trunc_ln1098_1_reg_2851                                          |   8|   0|    8|          0|
    |trunc_ln1098_reg_2925                                            |   8|   0|    8|          0|
    |trunc_ln1099_1_reg_2841                                          |  16|   0|   16|          0|
    |trunc_ln1099_reg_2915                                            |  16|   0|   16|          0|
    |trunc_ln1102_1_reg_2846                                          |   4|   0|    4|          0|
    |trunc_ln1102_reg_2920                                            |   4|   0|    4|          0|
    |trunc_ln554_1_reg_2430                                           |  52|   0|   52|          0|
    |trunc_ln554_reg_2405                                             |  52|   0|   52|          0|
    |trunc_ln572_1_reg_2538                                           |  16|   0|   16|          0|
    |trunc_ln572_reg_2473                                             |  16|   0|   16|          0|
    |x_read_reg_2373                                                  |  32|   0|   32|          0|
    |y_read_reg_2367                                                  |  32|   0|   32|          0|
    |zext_ln455_1_reg_2506                                            |  11|   0|   12|          1|
    |zext_ln455_reg_2441                                              |  11|   0|   12|          1|
    |zext_ln624_1_reg_2662                                            |  32|   0|   54|         22|
    |zext_ln624_reg_2611                                              |  32|   0|   54|         22|
    +-----------------------------------------------------------------+----+----+-----+-----------+
    |Total                                                            |1373|   0| 1424|         51|
    +-----------------------------------------------------------------+----+----+-----+-----------+



================================================================
== Interface
================================================================
* Summary: 
+-----------------------+-----+-----+------------+----------------+--------------+
|       RTL Ports       | Dir | Bits|  Protocol  |  Source Object |    C Type    |
+-----------------------+-----+-----+------------+----------------+--------------+
|s_axi_control_AWVALID  |   in|    1|       s_axi|         control|       pointer|
|s_axi_control_AWREADY  |  out|    1|       s_axi|         control|       pointer|
|s_axi_control_AWADDR   |   in|    6|       s_axi|         control|       pointer|
|s_axi_control_WVALID   |   in|    1|       s_axi|         control|       pointer|
|s_axi_control_WREADY   |  out|    1|       s_axi|         control|       pointer|
|s_axi_control_WDATA    |   in|   32|       s_axi|         control|       pointer|
|s_axi_control_WSTRB    |   in|    4|       s_axi|         control|       pointer|
|s_axi_control_ARVALID  |   in|    1|       s_axi|         control|       pointer|
|s_axi_control_ARREADY  |  out|    1|       s_axi|         control|       pointer|
|s_axi_control_ARADDR   |   in|    6|       s_axi|         control|       pointer|
|s_axi_control_RVALID   |  out|    1|       s_axi|         control|       pointer|
|s_axi_control_RREADY   |   in|    1|       s_axi|         control|       pointer|
|s_axi_control_RDATA    |  out|   32|       s_axi|         control|       pointer|
|s_axi_control_RRESP    |  out|    2|       s_axi|         control|       pointer|
|s_axi_control_BVALID   |  out|    1|       s_axi|         control|       pointer|
|s_axi_control_BREADY   |   in|    1|       s_axi|         control|       pointer|
|s_axi_control_BRESP    |  out|    2|       s_axi|         control|       pointer|
|ap_clk                 |   in|    1|  ap_ctrl_hs|  cordiccart2pol|  return value|
|ap_rst_n               |   in|    1|  ap_ctrl_hs|  cordiccart2pol|  return value|
|interrupt              |  out|    1|  ap_ctrl_hs|  cordiccart2pol|  return value|
+-----------------------+-----+-----+------------+----------------+--------------+

